<?xml version="1.0" encoding="UTF-8"?>
<!-- Generated by org.testng.reporters.JUnitXMLReporter -->
<testsuite hostname="Dell" ignored="0" name="Surefire test" tests="10" failures="1" timestamp="20 Nov 2019 03:13:29 GMT" time="0.077" errors="0">
  <testcase name="f" time="0.001" classname="Arpita.Testing1"/>
  <testcase name="f" time="0.0" classname="Arpita.Testing1"/>
  <testcase name="test1" time="0.0" classname="Arpita.Testing1"/>
  <testcase name="test2" time="0.0" classname="Arpita.Testing1"/>
  <testcase name="test3" time="0.0" classname="Arpita.Testing1"/>
  <testcase name="test4" time="0.0" classname="Arpita.Testing2"/>
  <testcase name="test5" time="0.0" classname="Arpita.Testing2"/>
  <testcase name="hometest" time="0.003" classname="Arpita.Testing3"/>
  <testcase name="mainTest" time="0.003" classname="Arpita.Testing3">
    <failure type="java.lang.AssertionError" message="The following asserts failed:
	verifying element expected [true] but found [false]">
      <![CDATA[java.lang.AssertionError: The following asserts failed:
verifying element expected [true] but found [false]
at Arpita.Testing3.mainTest(Testing3.java:43)
... Removed 31 stack frames]]>
    </failure>
  </testcase> <!-- mainTest -->
  <testcase name="endTest" time="0.0" classname="Arpita.Testing3">
    <skipped/>
  </testcase> <!-- endTest -->
</testsuite> <!-- Surefire test -->
